INFO [prj2] loaded hostfile: hosts
INFO [prj2::net] attempting to resolve hostname: columba
INFO [prj2::net] hostname columba resolved to V4(172.19.0.6:42069)
INFO [prj2::net] attempting to resolve hostname: raphus
INFO [prj2::net] hostname raphus resolved to V4(172.19.0.3:42069)
INFO [prj2::net] attempting to resolve hostname: turtur
INFO [prj2::net] hostname turtur resolved to V4(172.19.0.2:42069)
INFO [prj2::net] attempting to resolve hostname: geopelia
INFO [prj2::net] hostname geopelia resolved to V4(172.19.0.4:42069)
INFO [prj2::net] attempting to resolve hostname: trogon
INFO [prj2::net] hostname trogon resolved to V4(172.19.0.5:42069)
INFO [prj2] created system, starting paxos
INFO [prj2::net] multicasting VCProof { server_id: 0, installed: 0 }
INFO [prj2::net] multicasting VCProof { server_id: 0, installed: 0 }
INFO [prj2::paxos] start view change to new view: 1
INFO [prj2::net] multicasting ViewChange { server_id: 0, attempted: 1 }
INFO [prj2::paxos] progress timer reset!
INFO [prj2::paxos] insufficient proof to install view 1: 1
INFO [prj2::paxos] insufficient proof to install view 1: 2
INFO [prj2::paxos] installed view 1
INFO [prj2::net] multicasting VCProof { server_id: 0, installed: 1 }
INFO [prj2::paxos] installed view 1
INFO [prj2::net] multicasting VCProof { server_id: 0, installed: 1 }
INFO [prj2::net] multicasting VCProof { server_id: 0, installed: 1 }
INFO [prj2::net] multicasting VCProof { server_id: 0, installed: 1 }
INFO [prj2::net] multicasting VCProof { server_id: 0, installed: 1 }
INFO [prj2::paxos] start view change to new view: 2
INFO [prj2::net] multicasting ViewChange { server_id: 0, attempted: 2 }
INFO [prj2::paxos] progress timer reset!
INFO [prj2::paxos] insufficient proof to install view 2: 1
INFO [prj2::paxos] insufficient proof to install view 2: 2
INFO [prj2::net] multicasting VCProof { server_id: 0, installed: 1 }
INFO [prj2::net] multicasting VCProof { server_id: 0, installed: 1 }
INFO [prj2::net] multicasting VCProof { server_id: 0, installed: 1 }
INFO [prj2::paxos] start view change to new view: 3
INFO [prj2::net] multicasting ViewChange { server_id: 0, attempted: 3 }
INFO [prj2::paxos] progress timer reset!
INFO [prj2::paxos] insufficient proof to install view 3: 1
INFO [prj2::paxos] insufficient proof to install view 3: 2
INFO [prj2::net] multicasting VCProof { server_id: 0, installed: 1 }
INFO [prj2::net] multicasting VCProof { server_id: 0, installed: 1 }
INFO [prj2::net] multicasting VCProof { server_id: 0, installed: 1 }
INFO [prj2::paxos] start view change to new view: 4
INFO [prj2::net] multicasting ViewChange { server_id: 0, attempted: 4 }
INFO [prj2::paxos] progress timer reset!
INFO [prj2::paxos] insufficient proof to install view 4: 1
INFO [prj2::paxos] insufficient proof to install view 4: 2
INFO [prj2::net] multicasting VCProof { server_id: 0, installed: 1 }
INFO [prj2::net] multicasting VCProof { server_id: 0, installed: 1 }
INFO [prj2::net] multicasting VCProof { server_id: 0, installed: 1 }
INFO [prj2::paxos] start view change to new view: 5
INFO [prj2::net] multicasting ViewChange { server_id: 0, attempted: 5 }
INFO [prj2::paxos] progress timer reset!
INFO [prj2::paxos] insufficient proof to install view 5: 1
INFO [prj2::paxos] insufficient proof to install view 5: 2
INFO [prj2::net] multicasting VCProof { server_id: 0, installed: 1 }
INFO [prj2::net] multicasting VCProof { server_id: 0, installed: 1 }
INFO [prj2::net] multicasting VCProof { server_id: 0, installed: 1 }
INFO [prj2::paxos] start view change to new view: 6
INFO [prj2::net] multicasting ViewChange { server_id: 0, attempted: 6 }
INFO [prj2::paxos] progress timer reset!
INFO [prj2::paxos] insufficient proof to install view 6: 1
INFO [prj2::paxos] insufficient proof to install view 6: 2
INFO [prj2::net] multicasting VCProof { server_id: 0, installed: 1 }
INFO [prj2::net] multicasting VCProof { server_id: 0, installed: 1 }
INFO [prj2::net] multicasting VCProof { server_id: 0, installed: 1 }
INFO [prj2::paxos] start view change to new view: 7
INFO [prj2::net] multicasting ViewChange { server_id: 0, attempted: 7 }
INFO [prj2::paxos] progress timer reset!
INFO [prj2::paxos] insufficient proof to install view 7: 1
INFO [prj2::paxos] insufficient proof to install view 7: 2
INFO [prj2::net] multicasting VCProof { server_id: 0, installed: 1 }
INFO [prj2::net] multicasting VCProof { server_id: 0, installed: 1 }
INFO [prj2::net] multicasting VCProof { server_id: 0, installed: 1 }
INFO [prj2::paxos] start view change to new view: 8
INFO [prj2::net] multicasting ViewChange { server_id: 0, attempted: 8 }
INFO [prj2::paxos] progress timer reset!
INFO [prj2::paxos] insufficient proof to install view 8: 1
INFO [prj2::paxos] insufficient proof to install view 8: 2
INFO [prj2::net] multicasting VCProof { server_id: 0, installed: 1 }
INFO [prj2::net] multicasting VCProof { server_id: 0, installed: 1 }
INFO [prj2::net] multicasting VCProof { server_id: 0, installed: 1 }
INFO [prj2::paxos] start view change to new view: 9
INFO [prj2::net] multicasting ViewChange { server_id: 0, attempted: 9 }
INFO [prj2::paxos] progress timer reset!
INFO [prj2::paxos] insufficient proof to install view 9: 1
INFO [prj2::paxos] insufficient proof to install view 9: 2
INFO [prj2::net] multicasting VCProof { server_id: 0, installed: 1 }
INFO [prj2::net] multicasting VCProof { server_id: 0, installed: 1 }
INFO [prj2::net] multicasting VCProof { server_id: 0, installed: 1 }
INFO [prj2::paxos] start view change to new view: 10
INFO [prj2::net] multicasting ViewChange { server_id: 0, attempted: 10 }
INFO [prj2::paxos] progress timer reset!
INFO [prj2::paxos] insufficient proof to install view 10: 1
INFO [prj2::paxos] insufficient proof to install view 10: 2
INFO [prj2::net] multicasting VCProof { server_id: 0, installed: 1 }
INFO [prj2::net] multicasting VCProof { server_id: 0, installed: 1 }
INFO [prj2::net] multicasting VCProof { server_id: 0, installed: 1 }
INFO [prj2::paxos] start view change to new view: 11
INFO [prj2::net] multicasting ViewChange { server_id: 0, attempted: 11 }
INFO [prj2::paxos] progress timer reset!
INFO [prj2::paxos] insufficient proof to install view 11: 1
INFO [prj2::paxos] insufficient proof to install view 11: 2
INFO [prj2::net] multicasting VCProof { server_id: 0, installed: 1 }
INFO [prj2::net] multicasting VCProof { server_id: 0, installed: 1 }
INFO [prj2::net] multicasting VCProof { server_id: 0, installed: 1 }
INFO [prj2::paxos] start view change to new view: 12
INFO [prj2::net] multicasting ViewChange { server_id: 0, attempted: 12 }
INFO [prj2::paxos] progress timer reset!
INFO [prj2::paxos] insufficient proof to install view 12: 1
INFO [prj2::paxos] insufficient proof to install view 12: 2
INFO [prj2::net] multicasting VCProof { server_id: 0, installed: 1 }
INFO [prj2::net] multicasting VCProof { server_id: 0, installed: 1 }
INFO [prj2::net] multicasting VCProof { server_id: 0, installed: 1 }
INFO [prj2::paxos] start view change to new view: 13
INFO [prj2::net] multicasting ViewChange { server_id: 0, attempted: 13 }
INFO [prj2::paxos] progress timer reset!
INFO [prj2::paxos] insufficient proof to install view 13: 1
INFO [prj2::paxos] insufficient proof to install view 13: 2
INFO [prj2::net] multicasting VCProof { server_id: 0, installed: 1 }
INFO [prj2::net] multicasting VCProof { server_id: 0, installed: 1 }
INFO [prj2::net] multicasting VCProof { server_id: 0, installed: 1 }
INFO [prj2::paxos] start view change to new view: 14
INFO [prj2::net] multicasting ViewChange { server_id: 0, attempted: 14 }
INFO [prj2::paxos] progress timer reset!
INFO [prj2::paxos] insufficient proof to install view 14: 1
INFO [prj2::paxos] insufficient proof to install view 14: 2
INFO [prj2::net] multicasting VCProof { server_id: 0, installed: 1 }
INFO [prj2::net] multicasting VCProof { server_id: 0, installed: 1 }
INFO [prj2::net] multicasting VCProof { server_id: 0, installed: 1 }
INFO [prj2::paxos] start view change to new view: 15
INFO [prj2::net] multicasting ViewChange { server_id: 0, attempted: 15 }
INFO [prj2::paxos] progress timer reset!
INFO [prj2::paxos] insufficient proof to install view 15: 1
INFO [prj2::paxos] insufficient proof to install view 15: 2
INFO [prj2::net] multicasting VCProof { server_id: 0, installed: 1 }
INFO [prj2::net] multicasting VCProof { server_id: 0, installed: 1 }
INFO [prj2::net] multicasting VCProof { server_id: 0, installed: 1 }
INFO [prj2::paxos] start view change to new view: 16
INFO [prj2::net] multicasting ViewChange { server_id: 0, attempted: 16 }
INFO [prj2::paxos] progress timer reset!
INFO [prj2::paxos] insufficient proof to install view 16: 1
INFO [prj2::paxos] insufficient proof to install view 16: 2
INFO [prj2::net] multicasting VCProof { server_id: 0, installed: 1 }
INFO [prj2::net] multicasting VCProof { server_id: 0, installed: 1 }
INFO [prj2::paxos] start view change to new view: 17
INFO [prj2::net] multicasting ViewChange { server_id: 0, attempted: 17 }
INFO [prj2::paxos] progress timer reset!
INFO [prj2::paxos] insufficient proof to install view 17: 1
INFO [prj2::paxos] insufficient proof to install view 17: 2
INFO [prj2::net] multicasting VCProof { server_id: 0, installed: 1 }
INFO [prj2::net] multicasting VCProof { server_id: 0, installed: 1 }
INFO [prj2::net] multicasting VCProof { server_id: 0, installed: 1 }
INFO [prj2::paxos] start view change to new view: 18
INFO [prj2::net] multicasting ViewChange { server_id: 0, attempted: 18 }
INFO [prj2::paxos] progress timer reset!
INFO [prj2::paxos] insufficient proof to install view 18: 1
INFO [prj2::paxos] insufficient proof to install view 18: 2
INFO [prj2::net] multicasting VCProof { server_id: 0, installed: 1 }
INFO [prj2::net] multicasting VCProof { server_id: 0, installed: 1 }
INFO [prj2::net] multicasting VCProof { server_id: 0, installed: 1 }
INFO [prj2::paxos] start view change to new view: 19
INFO [prj2::net] multicasting ViewChange { server_id: 0, attempted: 19 }
INFO [prj2::paxos] progress timer reset!
INFO [prj2::paxos] insufficient proof to install view 19: 1
INFO [prj2::paxos] insufficient proof to install view 19: 2
INFO [prj2::net] multicasting VCProof { server_id: 0, installed: 1 }
INFO [prj2::net] multicasting VCProof { server_id: 0, installed: 1 }
INFO [prj2::net] multicasting VCProof { server_id: 0, installed: 1 }
INFO [prj2::paxos] start view change to new view: 20
INFO [prj2::net] multicasting ViewChange { server_id: 0, attempted: 20 }
INFO [prj2::paxos] progress timer reset!
INFO [prj2::paxos] insufficient proof to install view 20: 1
INFO [prj2::paxos] insufficient proof to install view 20: 2
INFO [prj2::net] multicasting VCProof { server_id: 0, installed: 1 }
INFO [prj2::net] multicasting VCProof { server_id: 0, installed: 1 }
INFO [prj2::net] multicasting VCProof { server_id: 0, installed: 1 }
INFO [prj2::paxos] start view change to new view: 21
INFO [prj2::net] multicasting ViewChange { server_id: 0, attempted: 21 }
INFO [prj2::paxos] progress timer reset!
INFO [prj2::paxos] insufficient proof to install view 21: 1
INFO [prj2::net] multicasting VCProof { server_id: 0, installed: 1 }
INFO [prj2::paxos] insufficient proof to install view 21: 2
INFO [prj2::net] multicasting VCProof { server_id: 0, installed: 1 }
INFO [prj2::net] multicasting VCProof { server_id: 0, installed: 1 }
INFO [prj2::net] multicasting VCProof { server_id: 0, installed: 1 }
INFO [prj2::paxos] start view change to new view: 22
INFO [prj2::net] multicasting ViewChange { server_id: 0, attempted: 22 }
INFO [prj2::paxos] progress timer reset!
INFO [prj2::paxos] insufficient proof to install view 22: 1
INFO [prj2::net] multicasting VCProof { server_id: 0, installed: 1 }
INFO [prj2::net] multicasting VCProof { server_id: 0, installed: 1 }
INFO [prj2::net] multicasting VCProof { server_id: 0, installed: 1 }
INFO [prj2::paxos] start view change to new view: 23
INFO [prj2::net] multicasting ViewChange { server_id: 0, attempted: 23 }
INFO [prj2::paxos] progress timer reset!
INFO [prj2::paxos] insufficient proof to install view 23: 1
INFO [prj2::net] multicasting VCProof { server_id: 0, installed: 1 }
INFO [prj2::net] multicasting VCProof { server_id: 0, installed: 1 }
INFO [prj2::net] multicasting VCProof { server_id: 0, installed: 1 }
INFO [prj2::paxos] start view change to new view: 24
INFO [prj2::net] multicasting ViewChange { server_id: 0, attempted: 24 }
INFO [prj2::paxos] progress timer reset!
INFO [prj2::paxos] insufficient proof to install view 24: 1
INFO [prj2::paxos] insufficient proof to install view 24: 2
INFO [prj2::net] multicasting VCProof { server_id: 0, installed: 1 }
INFO [prj2::net] multicasting VCProof { server_id: 0, installed: 1 }
INFO [prj2::net] multicasting VCProof { server_id: 0, installed: 1 }
INFO [prj2::paxos] start view change to new view: 25
INFO [prj2::net] multicasting ViewChange { server_id: 0, attempted: 25 }
INFO [prj2::paxos] progress timer reset!
INFO [prj2::paxos] insufficient proof to install view 25: 1
INFO [prj2::paxos] insufficient proof to install view 25: 2
INFO [prj2::net] multicasting VCProof { server_id: 0, installed: 1 }
INFO [prj2::net] multicasting VCProof { server_id: 0, installed: 1 }
INFO [prj2::net] multicasting VCProof { server_id: 0, installed: 1 }
INFO [prj2::paxos] start view change to new view: 26
INFO [prj2::net] multicasting ViewChange { server_id: 0, attempted: 26 }
INFO [prj2::paxos] progress timer reset!
INFO [prj2::paxos] insufficient proof to install view 26: 1
INFO [prj2::paxos] insufficient proof to install view 26: 2
INFO [prj2::net] multicasting VCProof { server_id: 0, installed: 1 }
INFO [prj2::net] multicasting VCProof { server_id: 0, installed: 1 }
INFO [prj2::net] multicasting VCProof { server_id: 0, installed: 1 }
INFO [prj2::paxos] start view change to new view: 27
INFO [prj2::net] multicasting ViewChange { server_id: 0, attempted: 27 }
INFO [prj2::paxos] progress timer reset!
INFO [prj2::paxos] insufficient proof to install view 27: 1
INFO [prj2::paxos] insufficient proof to install view 27: 2
INFO [prj2::net] multicasting VCProof { server_id: 0, installed: 1 }
INFO [prj2::net] multicasting VCProof { server_id: 0, installed: 1 }
INFO [prj2::net] multicasting VCProof { server_id: 0, installed: 1 }
INFO [prj2::paxos] start view change to new view: 28
INFO [prj2::net] multicasting ViewChange { server_id: 0, attempted: 28 }
INFO [prj2::paxos] progress timer reset!
INFO [prj2::paxos] insufficient proof to install view 28: 1
INFO [prj2::paxos] insufficient proof to install view 28: 2
INFO [prj2::net] multicasting VCProof { server_id: 0, installed: 1 }
INFO [prj2::net] multicasting VCProof { server_id: 0, installed: 1 }
INFO [prj2::net] multicasting VCProof { server_id: 0, installed: 1 }
INFO [prj2::paxos] start view change to new view: 29
INFO [prj2::net] multicasting ViewChange { server_id: 0, attempted: 29 }
INFO [prj2::paxos] progress timer reset!
INFO [prj2::paxos] insufficient proof to install view 29: 1
INFO [prj2::paxos] insufficient proof to install view 29: 2
INFO [prj2::net] multicasting VCProof { server_id: 0, installed: 1 }
INFO [prj2::net] multicasting VCProof { server_id: 0, installed: 1 }
INFO [prj2::net] multicasting VCProof { server_id: 0, installed: 1 }
INFO [prj2::paxos] start view change to new view: 30
INFO [prj2::net] multicasting ViewChange { server_id: 0, attempted: 30 }
INFO [prj2::paxos] progress timer reset!
INFO [prj2::paxos] insufficient proof to install view 30: 1
INFO [prj2::net] multicasting VCProof { server_id: 0, installed: 1 }
INFO [prj2::net] multicasting VCProof { server_id: 0, installed: 1 }
INFO [prj2::net] multicasting VCProof { server_id: 0, installed: 1 }
INFO [prj2::paxos] start view change to new view: 31
INFO [prj2::net] multicasting ViewChange { server_id: 0, attempted: 31 }
INFO [prj2::paxos] progress timer reset!
INFO [prj2::paxos] insufficient proof to install view 31: 1
INFO [prj2::paxos] insufficient proof to install view 31: 2
INFO [prj2::net] multicasting VCProof { server_id: 0, installed: 1 }
INFO [prj2::net] multicasting VCProof { server_id: 0, installed: 1 }
INFO [prj2::net] multicasting VCProof { server_id: 0, installed: 1 }
INFO [prj2::paxos] start view change to new view: 32
INFO [prj2::net] multicasting ViewChange { server_id: 0, attempted: 32 }
INFO [prj2::paxos] progress timer reset!
INFO [prj2::paxos] insufficient proof to install view 32: 1
INFO [prj2::paxos] insufficient proof to install view 32: 2
INFO [prj2::net] multicasting VCProof { server_id: 0, installed: 1 }
INFO [prj2::net] multicasting VCProof { server_id: 0, installed: 1 }
INFO [prj2::net] multicasting VCProof { server_id: 0, installed: 1 }
INFO [prj2::paxos] start view change to new view: 33
INFO [prj2::net] multicasting ViewChange { server_id: 0, attempted: 33 }
INFO [prj2::paxos] progress timer reset!
INFO [prj2::paxos] insufficient proof to install view 33: 1
INFO [prj2::paxos] insufficient proof to install view 33: 2
INFO [prj2::net] multicasting VCProof { server_id: 0, installed: 1 }
INFO [prj2::net] multicasting VCProof { server_id: 0, installed: 1 }
INFO [prj2::net] multicasting VCProof { server_id: 0, installed: 1 }
INFO [prj2::paxos] start view change to new view: 34
INFO [prj2::net] multicasting ViewChange { server_id: 0, attempted: 34 }
INFO [prj2::paxos] progress timer reset!
INFO [prj2::paxos] insufficient proof to install view 34: 1
INFO [prj2::paxos] insufficient proof to install view 34: 2
INFO [prj2::net] multicasting VCProof { server_id: 0, installed: 1 }
INFO [prj2::net] multicasting VCProof { server_id: 0, installed: 1 }
INFO [prj2::net] multicasting VCProof { server_id: 0, installed: 1 }
INFO [prj2::paxos] start view change to new view: 35
INFO [prj2::net] multicasting ViewChange { server_id: 0, attempted: 35 }
INFO [prj2::paxos] progress timer reset!
INFO [prj2::paxos] insufficient proof to install view 35: 1
INFO [prj2::paxos] insufficient proof to install view 35: 2
INFO [prj2::net] multicasting VCProof { server_id: 0, installed: 1 }
INFO [prj2::net] multicasting VCProof { server_id: 0, installed: 1 }
INFO [prj2::net] multicasting VCProof { server_id: 0, installed: 1 }
INFO [prj2::paxos] start view change to new view: 36
INFO [prj2::net] multicasting ViewChange { server_id: 0, attempted: 36 }
INFO [prj2::paxos] progress timer reset!
INFO [prj2::paxos] insufficient proof to install view 36: 1
INFO [prj2::paxos] insufficient proof to install view 36: 2
INFO [prj2::net] multicasting VCProof { server_id: 0, installed: 1 }
INFO [prj2::net] multicasting VCProof { server_id: 0, installed: 1 }
INFO [prj2::net] multicasting VCProof { server_id: 0, installed: 1 }
INFO [prj2::paxos] start view change to new view: 37
INFO [prj2::net] multicasting ViewChange { server_id: 0, attempted: 37 }
INFO [prj2::paxos] progress timer reset!
INFO [prj2::paxos] insufficient proof to install view 37: 1
INFO [prj2::paxos] insufficient proof to install view 37: 2
INFO [prj2::net] multicasting VCProof { server_id: 0, installed: 1 }
INFO [prj2::net] multicasting VCProof { server_id: 0, installed: 1 }
INFO [prj2::net] multicasting VCProof { server_id: 0, installed: 1 }
INFO [prj2::paxos] start view change to new view: 38
INFO [prj2::net] multicasting ViewChange { server_id: 0, attempted: 38 }
INFO [prj2::paxos] progress timer reset!
INFO [prj2::paxos] insufficient proof to install view 38: 1
INFO [prj2::paxos] insufficient proof to install view 38: 2
INFO [prj2::net] multicasting VCProof { server_id: 0, installed: 1 }
INFO [prj2::net] multicasting VCProof { server_id: 0, installed: 1 }
INFO [prj2::net] multicasting VCProof { server_id: 0, installed: 1 }
INFO [prj2::paxos] start view change to new view: 39
INFO [prj2::net] multicasting ViewChange { server_id: 0, attempted: 39 }
INFO [prj2::paxos] progress timer reset!
INFO [prj2::paxos] insufficient proof to install view 39: 1
INFO [prj2::paxos] insufficient proof to install view 39: 2
INFO [prj2::net] multicasting VCProof { server_id: 0, installed: 1 }
INFO [prj2::net] multicasting VCProof { server_id: 0, installed: 1 }
INFO [prj2::net] multicasting VCProof { server_id: 0, installed: 1 }
INFO [prj2::paxos] start view change to new view: 40
INFO [prj2::net] multicasting ViewChange { server_id: 0, attempted: 40 }
INFO [prj2::paxos] progress timer reset!
INFO [prj2::paxos] insufficient proof to install view 40: 1
INFO [prj2::paxos] insufficient proof to install view 40: 2
INFO [prj2::net] multicasting VCProof { server_id: 0, installed: 1 }
INFO [prj2::net] multicasting VCProof { server_id: 0, installed: 1 }
INFO [prj2::net] multicasting VCProof { server_id: 0, installed: 1 }
INFO [prj2::paxos] start view change to new view: 41
INFO [prj2::net] multicasting ViewChange { server_id: 0, attempted: 41 }
INFO [prj2::paxos] progress timer reset!
INFO [prj2::paxos] insufficient proof to install view 41: 1
INFO [prj2::paxos] insufficient proof to install view 41: 2
INFO [prj2::net] multicasting VCProof { server_id: 0, installed: 1 }
INFO [prj2::net] multicasting VCProof { server_id: 0, installed: 1 }
INFO [prj2::net] multicasting VCProof { server_id: 0, installed: 1 }
INFO [prj2::paxos] start view change to new view: 42
INFO [prj2::net] multicasting ViewChange { server_id: 0, attempted: 42 }
INFO [prj2::paxos] progress timer reset!
INFO [prj2::paxos] insufficient proof to install view 42: 1
INFO [prj2::paxos] insufficient proof to install view 42: 2
INFO [prj2::net] multicasting VCProof { server_id: 0, installed: 1 }
INFO [prj2::net] multicasting VCProof { server_id: 0, installed: 1 }
INFO [prj2::net] multicasting VCProof { server_id: 0, installed: 1 }
INFO [prj2::paxos] start view change to new view: 43
INFO [prj2::net] multicasting ViewChange { server_id: 0, attempted: 43 }
INFO [prj2::paxos] progress timer reset!
INFO [prj2::paxos] insufficient proof to install view 43: 1
INFO [prj2::paxos] insufficient proof to install view 43: 2
INFO [prj2::net] multicasting VCProof { server_id: 0, installed: 1 }
INFO [prj2::net] multicasting VCProof { server_id: 0, installed: 1 }
INFO [prj2::net] multicasting VCProof { server_id: 0, installed: 1 }
INFO [prj2::paxos] start view change to new view: 44
INFO [prj2::net] multicasting ViewChange { server_id: 0, attempted: 44 }
INFO [prj2::paxos] progress timer reset!
INFO [prj2::paxos] insufficient proof to install view 44: 1
INFO [prj2::paxos] insufficient proof to install view 44: 2
INFO [prj2::net] multicasting VCProof { server_id: 0, installed: 1 }
INFO [prj2::net] multicasting VCProof { server_id: 0, installed: 1 }
INFO [prj2::net] multicasting VCProof { server_id: 0, installed: 1 }
INFO [prj2::paxos] start view change to new view: 45
INFO [prj2::net] multicasting ViewChange { server_id: 0, attempted: 45 }
INFO [prj2::paxos] progress timer reset!
INFO [prj2::paxos] insufficient proof to install view 45: 1
INFO [prj2::paxos] insufficient proof to install view 45: 2
INFO [prj2::net] multicasting VCProof { server_id: 0, installed: 1 }
INFO [prj2::net] multicasting VCProof { server_id: 0, installed: 1 }
INFO [prj2::net] multicasting VCProof { server_id: 0, installed: 1 }
INFO [prj2::paxos] start view change to new view: 46
INFO [prj2::net] multicasting ViewChange { server_id: 0, attempted: 46 }
INFO [prj2::paxos] progress timer reset!
INFO [prj2::paxos] insufficient proof to install view 46: 1
INFO [prj2::paxos] insufficient proof to install view 46: 2
INFO [prj2::net] multicasting VCProof { server_id: 0, installed: 1 }
INFO [prj2::net] multicasting VCProof { server_id: 0, installed: 1 }
INFO [prj2::net] multicasting VCProof { server_id: 0, installed: 1 }
INFO [prj2::paxos] start view change to new view: 47
INFO [prj2::net] multicasting ViewChange { server_id: 0, attempted: 47 }
INFO [prj2::paxos] progress timer reset!
INFO [prj2::paxos] insufficient proof to install view 47: 1
INFO [prj2::paxos] insufficient proof to install view 47: 2
INFO [prj2::net] multicasting VCProof { server_id: 0, installed: 1 }
INFO [prj2::net] multicasting VCProof { server_id: 0, installed: 1 }
INFO [prj2::net] multicasting VCProof { server_id: 0, installed: 1 }
INFO [prj2::paxos] start view change to new view: 48
INFO [prj2::net] multicasting ViewChange { server_id: 0, attempted: 48 }
INFO [prj2::paxos] progress timer reset!
INFO [prj2::paxos] insufficient proof to install view 48: 1
INFO [prj2::paxos] insufficient proof to install view 48: 2
INFO [prj2::net] multicasting VCProof { server_id: 0, installed: 1 }
INFO [prj2::net] multicasting VCProof { server_id: 0, installed: 1 }
INFO [prj2::net] multicasting VCProof { server_id: 0, installed: 1 }
INFO [prj2::paxos] start view change to new view: 49
INFO [prj2::net] multicasting ViewChange { server_id: 0, attempted: 49 }
INFO [prj2::paxos] progress timer reset!
INFO [prj2::paxos] insufficient proof to install view 49: 1
INFO [prj2::paxos] insufficient proof to install view 49: 2
INFO [prj2::net] multicasting VCProof { server_id: 0, installed: 1 }
INFO [prj2::net] multicasting VCProof { server_id: 0, installed: 1 }
INFO [prj2::net] multicasting VCProof { server_id: 0, installed: 1 }
INFO [prj2::paxos] start view change to new view: 50
INFO [prj2::net] multicasting ViewChange { server_id: 0, attempted: 50 }
INFO [prj2::paxos] progress timer reset!
INFO [prj2::paxos] insufficient proof to install view 50: 1
INFO [prj2::paxos] insufficient proof to install view 50: 2
INFO [prj2::net] multicasting VCProof { server_id: 0, installed: 1 }
INFO [prj2::net] multicasting VCProof { server_id: 0, installed: 1 }
INFO [prj2::net] multicasting VCProof { server_id: 0, installed: 1 }
INFO [prj2::paxos] start view change to new view: 51
INFO [prj2::net] multicasting ViewChange { server_id: 0, attempted: 51 }
INFO [prj2::paxos] progress timer reset!
INFO [prj2::paxos] insufficient proof to install view 51: 1
INFO [prj2::paxos] insufficient proof to install view 51: 2
INFO [prj2::net] multicasting VCProof { server_id: 0, installed: 1 }
INFO [prj2::net] multicasting VCProof { server_id: 0, installed: 1 }
INFO [prj2::net] multicasting VCProof { server_id: 0, installed: 1 }
INFO [prj2::paxos] start view change to new view: 52
INFO [prj2::net] multicasting ViewChange { server_id: 0, attempted: 52 }
INFO [prj2::paxos] progress timer reset!
INFO [prj2::paxos] insufficient proof to install view 52: 1
INFO [prj2::paxos] insufficient proof to install view 52: 2
INFO [prj2::net] multicasting VCProof { server_id: 0, installed: 1 }
INFO [prj2::net] multicasting VCProof { server_id: 0, installed: 1 }
INFO [prj2::net] multicasting VCProof { server_id: 0, installed: 1 }
INFO [prj2::paxos] start view change to new view: 53
INFO [prj2::net] multicasting ViewChange { server_id: 0, attempted: 53 }
INFO [prj2::paxos] progress timer reset!
INFO [prj2::paxos] insufficient proof to install view 53: 1
INFO [prj2::paxos] insufficient proof to install view 53: 2
INFO [prj2::net] multicasting VCProof { server_id: 0, installed: 1 }
INFO [prj2::net] multicasting VCProof { server_id: 0, installed: 1 }
INFO [prj2::net] multicasting VCProof { server_id: 0, installed: 1 }
INFO [prj2::paxos] start view change to new view: 54
INFO [prj2::net] multicasting ViewChange { server_id: 0, attempted: 54 }
INFO [prj2::paxos] progress timer reset!
INFO [prj2::paxos] insufficient proof to install view 54: 1
INFO [prj2::paxos] insufficient proof to install view 54: 2
INFO [prj2::net] multicasting VCProof { server_id: 0, installed: 1 }
INFO [prj2::net] multicasting VCProof { server_id: 0, installed: 1 }
INFO [prj2::net] multicasting VCProof { server_id: 0, installed: 1 }
INFO [prj2::paxos] start view change to new view: 55
INFO [prj2::net] multicasting ViewChange { server_id: 0, attempted: 55 }
INFO [prj2::paxos] progress timer reset!
INFO [prj2::paxos] insufficient proof to install view 55: 1
INFO [prj2::paxos] insufficient proof to install view 55: 2
INFO [prj2::net] multicasting VCProof { server_id: 0, installed: 1 }
INFO [prj2::net] multicasting VCProof { server_id: 0, installed: 1 }
INFO [prj2::net] multicasting VCProof { server_id: 0, installed: 1 }
INFO [prj2::paxos] start view change to new view: 56
INFO [prj2::net] multicasting ViewChange { server_id: 0, attempted: 56 }
INFO [prj2::paxos] progress timer reset!
INFO [prj2::paxos] insufficient proof to install view 56: 1
INFO [prj2::paxos] insufficient proof to install view 56: 2
INFO [prj2::net] multicasting VCProof { server_id: 0, installed: 1 }
INFO [prj2::net] multicasting VCProof { server_id: 0, installed: 1 }
