INFO [prj2] loaded hostfile: hosts
INFO [prj2::net] attempting to resolve hostname: columba
INFO [prj2::net] hostname columba resolved to V4(172.19.0.5:42069)
INFO [prj2::net] attempting to resolve hostname: raphus
INFO [prj2::net] hostname raphus resolved to V4(172.19.0.4:42069)
INFO [prj2::net] attempting to resolve hostname: turtur
INFO [prj2::net] hostname turtur resolved to V4(172.19.0.3:42069)
INFO [prj2::net] attempting to resolve hostname: geopelia
INFO [prj2::net] hostname geopelia resolved to V4(172.19.0.2:42069)
INFO [prj2::net] attempting to resolve hostname: trogon
INFO [prj2::net] hostname trogon resolved to V4(172.19.0.6:42069)
INFO [prj2] created system, starting paxos
INFO [prj2::net] multicasting VCProof { server_id: 4, installed: 0 }
INFO [prj2::net] multicasting VCProof { server_id: 4, installed: 0 }
INFO [prj2::paxos] start view change to new view: 1
INFO [prj2::net] multicasting ViewChange { server_id: 4, attempted: 1 }
INFO [prj2::paxos] progress timer reset!
INFO [prj2::paxos] insufficient proof to install view 1: 1
INFO [prj2::paxos] insufficient proof to install view 1: 2
INFO [prj2::paxos] proof found: majority will install view 1
INFO [prj2::paxos] installed view 1
INFO [prj2::net] multicasting VCProof { server_id: 4, installed: 1 }
INFO [prj2::net] multicasting VCProof { server_id: 4, installed: 1 }
INFO [prj2::net] multicasting VCProof { server_id: 4, installed: 1 }
INFO [prj2::net] multicasting VCProof { server_id: 4, installed: 1 }
INFO [prj2::paxos] start view change to new view: 2
INFO [prj2::net] multicasting ViewChange { server_id: 4, attempted: 2 }
INFO [prj2::paxos] progress timer reset!
INFO [prj2::paxos] insufficient proof to install view 2: 1
INFO [prj2::paxos] insufficient proof to install view 2: 2
INFO [prj2::paxos] proof found: majority will install view 2
INFO [prj2::paxos] installed view 2
INFO [prj2::net] multicasting VCProof { server_id: 4, installed: 2 }
INFO [prj2::net] multicasting VCProof { server_id: 4, installed: 2 }
INFO [prj2::net] multicasting VCProof { server_id: 4, installed: 2 }
INFO [prj2::net] multicasting VCProof { server_id: 4, installed: 2 }
INFO [prj2::paxos] start view change to new view: 3
INFO [prj2::net] multicasting ViewChange { server_id: 4, attempted: 3 }
INFO [prj2::paxos] progress timer reset!
INFO [prj2::paxos] insufficient proof to install view 3: 1
INFO [prj2::paxos] insufficient proof to install view 3: 2
INFO [prj2::paxos] proof found: majority will install view 3
INFO [prj2::paxos] installed view 3
INFO [prj2::net] multicasting VCProof { server_id: 4, installed: 3 }
INFO [prj2::net] multicasting VCProof { server_id: 4, installed: 3 }
INFO [prj2::net] multicasting VCProof { server_id: 4, installed: 3 }
INFO [prj2::net] multicasting VCProof { server_id: 4, installed: 3 }
INFO [prj2::paxos] start view change to new view: 4
INFO [prj2::net] multicasting ViewChange { server_id: 4, attempted: 4 }
INFO [prj2::paxos] progress timer reset!
INFO [prj2::paxos] insufficient proof to install view 4: 1
INFO [prj2::paxos] insufficient proof to install view 4: 2
INFO [prj2::paxos] proof found: majority will install view 4
INFO [prj2::paxos] installed view 4
INFO [prj2::net] multicasting VCProof { server_id: 4, installed: 4 }
INFO [prj2::net] multicasting VCProof { server_id: 4, installed: 4 }
INFO [prj2::net] multicasting VCProof { server_id: 4, installed: 4 }
INFO [prj2::net] multicasting VCProof { server_id: 4, installed: 4 }
INFO [prj2::paxos] start view change to new view: 5
INFO [prj2::net] multicasting ViewChange { server_id: 4, attempted: 5 }
INFO [prj2::paxos] progress timer reset!
INFO [prj2::paxos] insufficient proof to install view 5: 1
INFO [prj2::paxos] insufficient proof to install view 5: 2
INFO [prj2::paxos] proof found: majority will install view 5
INFO [prj2::paxos] installed view 5
